APRO v4.06
Compiler : Delphi 7
Operating System : WinNT 6.2 
Device: COM3
Date/time: 21/06/17, 14:18:36
Time      Type      SubType       Data      OtherData
--------  --------  ------------  --------  ---------
0761.279  Dispatch  ReadCom       00000000  
0761.342  Dispatch  ReadCom       00000000  
0761.404  Dispatch  ReadCom       00000000  
0761.467  Dispatch  ReadCom       00000000  
0761.529  Dispatch  ReadCom       00000000  
0761.592  Dispatch  ReadCom       00000000  
0761.654  Dispatch  ReadCom       00000000  
0761.705  Dispatch  ReadCom       00000000  
0761.764  Dispatch  ReadCom       00000000  
0761.827  Dispatch  ReadCom       00000000  
0761.889  Dispatch  ReadCom       00000000  
0761.952  Dispatch  ReadCom       00000000  
0762.014  Dispatch  ReadCom       00000000  
0762.077  Dispatch  ReadCom       00000000  
0762.139  Dispatch  ReadCom       00000000  
0762.190  Dispatch  ReadCom       00000000  
0762.248  Dispatch  ReadCom       00000000  
0762.310  Dispatch  ReadCom       00000000  
0762.373  Dispatch  ReadCom       00000000  
0762.436  Dispatch  ReadCom       00000000  
0762.498  Dispatch  ReadCom       00000000  
0762.561  Dispatch  ReadCom       00000000  
0762.623  Dispatch  ReadCom       00000000  
0762.686  Dispatch  ReadCom       00000000  
0762.748  Dispatch  ReadCom       00000000  
0762.811  Dispatch  ReadCom       00000000  
0762.873  Dispatch  ReadCom       00000000  
0762.936  Dispatch  ReadCom       00000000  
0762.998  Dispatch  ReadCom       00000000  
0763.061  Dispatch  ReadCom       00000000  
0763.123  Dispatch  ReadCom       00000000  
0763.186  Dispatch  ReadCom       00000000  
0763.248  Dispatch  ReadCom       00000000  
0763.311  Dispatch  ReadCom       00000000  
0763.374  Dispatch  ReadCom       00000000  
0763.436  Dispatch  ReadCom       00000000  
0763.499  Dispatch  ReadCom       00000000  
0763.561  Dispatch  ReadCom       00000000  
0763.624  Dispatch  ReadCom       00000000  
0763.686  Dispatch  ReadCom       00000000  
0763.736  Dispatch  ReadCom       00000000  
0763.797  Dispatch  ReadCom       00000000  
0763.860  Dispatch  ReadCom       00000000  
0763.922  Dispatch  ReadCom       00000000  
0763.985  Dispatch  ReadCom       00000000  
0764.047  Dispatch  ReadCom       00000000  
0764.110  Dispatch  ReadCom       00000000  
0764.172  Dispatch  ReadCom       00000000  
0764.223  Dispatch  ReadCom       00000000  
0764.280  Dispatch  ReadCom       00000000  
0764.343  Dispatch  ReadCom       00000000  
0764.405  Dispatch  ReadCom       00000000  
0764.468  Dispatch  ReadCom       00000000  
0764.530  Dispatch  ReadCom       00000000  
0764.593  Dispatch  ReadCom       00000000  
0764.655  Dispatch  ReadCom       00000000  
0764.718  Dispatch  ReadCom       00000000  
0764.781  Dispatch  ReadCom       00000000  
0764.844  Dispatch  ReadCom       00000000  
0764.906  Dispatch  ReadCom       00000000  
0764.969  Dispatch  ReadCom       00000000  
0765.031  Dispatch  ReadCom       00000000  
0765.094  Dispatch  ReadCom       00000000  
0765.156  Dispatch  ReadCom       00000000  
0765.219  Dispatch  ReadCom       00000000  
0765.281  Dispatch  ReadCom       00000000  
0765.344  Dispatch  ReadCom       00000000  
0765.406  Dispatch  ReadCom       00000000  
0765.469  Dispatch  ReadCom       00000000  
0765.532  Dispatch  ReadCom       00000000  
0765.594  Dispatch  ReadCom       00000000  
0765.657  Dispatch  ReadCom       00000000  
0765.719  Dispatch  ReadCom       00000000  
0765.783  Dispatch  ReadCom       00000000  
0765.846  Dispatch  ReadCom       00000000  
0765.908  Dispatch  ReadCom       00000000  
0765.971  Dispatch  ReadCom       00000000  
0766.033  Dispatch  ReadCom       00000000  
0766.096  Dispatch  ReadCom       00000000  
0766.158  Dispatch  ReadCom       00000000  
0766.221  Dispatch  ReadCom       00000000  
0766.283  Dispatch  ReadCom       00000000  
0766.345  Dispatch  ReadCom       00000000  
0766.408  Dispatch  ReadCom       00000000  
0766.470  Dispatch  ReadCom       00000000  
0766.533  Dispatch  ReadCom       00000000  
0766.595  Dispatch  ReadCom       00000000  
0766.658  Dispatch  ReadCom       00000000  
0766.720  Dispatch  ReadCom       00000000  
0766.771  Dispatch  ReadCom       00000000  
0766.830  Dispatch  ReadCom       00000000  
0766.893  Dispatch  ReadCom       00000000  
0766.955  Dispatch  ReadCom       00000000  
0767.018  Dispatch  ReadCom       00000000  
0767.080  Dispatch  ReadCom       00000000  
0767.143  Dispatch  ReadCom       00000000  
0767.205  Dispatch  ReadCom       00000000  
0767.256  Dispatch  ReadCom       00000000  
0767.314  Dispatch  ReadCom       00000000  
0767.376  Dispatch  ReadCom       00000000  
0767.439  Dispatch  ReadCom       00000000  
0767.501  Dispatch  ReadCom       00000000  
0767.564  Dispatch  ReadCom       00000000  
0767.626  Dispatch  ReadCom       00000000  
0767.689  Dispatch  ReadCom       00000000  
0767.752  Dispatch  ReadCom       00000000  
0767.815  Dispatch  ReadCom       00000000  
0767.878  Dispatch  ReadCom       00000000  
0767.940  Dispatch  ReadCom       00000000  
0768.003  Dispatch  ReadCom       00000000  
0768.065  Dispatch  ReadCom       00000000  
0768.128  Dispatch  ReadCom       00000000  
0768.190  Dispatch  ReadCom       00000000  
0768.253  Dispatch  ReadCom       00000000  
0768.315  Dispatch  ReadCom       00000000  
0768.378  Dispatch  ReadCom       00000000  
0768.440  Dispatch  ReadCom       00000000  
0768.503  Dispatch  ReadCom       00000000  
0768.565  Dispatch  ReadCom       00000000  
0768.628  Dispatch  ReadCom       00000000  
0768.690  Dispatch  ReadCom       00000000  
0768.753  Dispatch  ReadCom       00000000  
0768.816  Dispatch  ReadCom       00000000  
0768.878  Dispatch  ReadCom       00000000  
0768.941  Dispatch  ReadCom       00000000  
0769.003  Dispatch  ReadCom       00000000  
0769.066  Dispatch  ReadCom       00000000  
0769.128  Dispatch  ReadCom       00000000  
0769.191  Dispatch  ReadCom       00000000  
0769.253  Dispatch  ReadCom       00000000  
0769.315  Dispatch  ReadCom       00000000  
0769.377  Dispatch  ReadCom       00000000  
0769.440  Dispatch  ReadCom       00000000  
0769.502  Dispatch  ReadCom       00000000  
0769.565  Dispatch  ReadCom       00000000  
0769.627  Dispatch  ReadCom       00000000  
0769.690  Dispatch  ReadCom       00000000  
0769.752  Dispatch  ReadCom       00000000  
0769.816  Dispatch  ReadCom       00000000  
0769.878  Dispatch  ReadCom       00000000  
0769.941  Dispatch  ReadCom       00000000  
0770.003  Dispatch  ReadCom       00000000  
0770.066  Dispatch  ReadCom       00000000  
0770.129  Dispatch  ReadCom       00000000  
0770.191  Dispatch  ReadCom       00000000  
0770.254  Dispatch  ReadCom       00000000  
0770.316  Dispatch  ReadCom       00000000  
0770.379  Dispatch  ReadCom       00000000  
0770.441  Dispatch  ReadCom       00000000  
0770.504  Dispatch  ReadCom       00000000  
0770.566  Dispatch  ReadCom       00000000  
0770.629  Dispatch  ReadCom       00000000  
0770.691  Dispatch  ReadCom       00000000  
0770.754  Dispatch  ReadCom       00000000  
0770.804  Dispatch  ReadCom       00000000  
0770.864  Dispatch  ReadCom       00000000  
0770.927  Dispatch  ReadCom       00000000  
0770.989  Dispatch  ReadCom       00000000  
0771.052  Dispatch  ReadCom       00000000  
0771.114  Dispatch  ReadCom       00000000  
0771.177  Dispatch  ReadCom       00000000  
0771.239  Dispatch  ReadCom       00000000  
0771.290  Dispatch  ReadCom       00000000  
0771.349  Dispatch  ReadCom       00000000  
0771.411  Dispatch  ReadCom       00000000  
0771.474  Dispatch  ReadCom       00000000  
0771.536  Dispatch  ReadCom       00000000  
0771.599  Dispatch  ReadCom       00000000  
0771.661  Dispatch  ReadCom       00000000  
0771.724  Dispatch  ReadCom       00000000  
0771.786  Dispatch  ReadCom       00000000  
0771.849  Dispatch  ReadCom       00000000  
0771.912  Dispatch  ReadCom       00000000  
0771.974  Dispatch  ReadCom       00000000  
0772.037  Dispatch  ReadCom       00000000  
0772.099  Dispatch  ReadCom       00000000  
0772.162  Dispatch  ReadCom       00000000  
0772.224  Dispatch  ReadCom       00000000  
0772.287  Dispatch  ReadCom       00000000  
0772.349  Dispatch  ReadCom       00000000  
0772.412  Dispatch  ReadCom       00000000  
0772.474  Dispatch  ReadCom       00000000  
0772.537  Dispatch  ReadCom       00000000  
0772.599  Dispatch  ReadCom       00000000  
0772.662  Dispatch  ReadCom       00000000  
0772.724  Dispatch  ReadCom       00000000  
0772.787  Dispatch  ReadCom       00000000  
0772.850  Dispatch  ReadCom       00000000  
0772.913  Dispatch  ReadCom       00000000  
0772.975  Dispatch  ReadCom       00000000  
0773.038  Dispatch  ReadCom       00000000  
0773.100  Dispatch  ReadCom       00000000  
0773.163  Dispatch  ReadCom       00000000  
0773.225  Dispatch  ReadCom       00000000  
0773.288  Dispatch  ReadCom       00000000  
0773.351  Dispatch  ReadCom       00000000  
0773.401  Dispatch  ReadCom       00000000  
0773.465  Dispatch  ReadCom       00000000  
0773.527  Dispatch  ReadCom       00000000  
0773.590  Dispatch  ReadCom       00000000  
0773.652  Dispatch  ReadCom       00000000  
0773.715  Dispatch  ReadCom       00000000  
0773.777  Dispatch  ReadCom       00000000  
0773.828  Dispatch  ReadCom       00000000  
0773.882  Dispatch  ReadCom       00000000  
0773.944  Dispatch  ReadCom       00000000  
0774.007  Dispatch  ReadCom       00000000  
0774.069  Dispatch  ReadCom       00000000  
0774.131  Dispatch  ReadCom       00000000  
0774.194  Dispatch  ReadCom       00000000  
0774.256  Dispatch  ReadCom       00000000  
0774.319  Dispatch  ReadCom       00000000  
0774.383  Dispatch  ReadCom       00000000  
0774.445  Dispatch  ReadCom       00000000  
0774.508  Dispatch  ReadCom       00000000  
0774.570  Dispatch  ReadCom       00000000  
0774.633  Dispatch  ReadCom       00000000  
0774.695  Dispatch  ReadCom       00000000  
0774.758  Dispatch  ReadCom       00000000  
0774.820  Dispatch  ReadCom       00000000  
0774.883  Dispatch  ReadCom       00000000  
0774.945  Dispatch  ReadCom       00000000  
0775.008  Dispatch  ReadCom       00000000  
0775.070  Dispatch  ReadCom       00000000  
0775.133  Dispatch  ReadCom       00000000  
0775.195  Dispatch  ReadCom       00000000  
0775.258  Dispatch  ReadCom       00000000  
0775.320  Dispatch  ReadCom       00000000  
0775.383  Dispatch  ReadCom       00000000  
0775.446  Dispatch  ReadCom       00000000  
0775.508  Dispatch  ReadCom       00000000  
0775.571  Dispatch  ReadCom       00000000  
0775.633  Dispatch  ReadCom       00000000  
0775.696  Dispatch  ReadCom       00000000  
0775.758  Dispatch  ReadCom       00000000  
0775.821  Dispatch  ReadCom       00000000  
0775.882  Dispatch  ReadCom       00000000  
0775.945  Dispatch  ReadCom       00000000  
0776.007  Dispatch  ReadCom       00000000  
0776.070  Dispatch  ReadCom       00000000  
0776.132  Dispatch  ReadCom       00000000  
0776.195  Dispatch  ReadCom       00000000  
0776.257  Dispatch  ReadCom       00000000  
0776.320  Dispatch  ReadCom       00000000  
0776.384  Dispatch  ReadCom       00000000  
0776.446  Dispatch  ReadCom       00000000  
0776.509  Dispatch  ReadCom       00000000  
0776.571  Dispatch  ReadCom       00000000  
0776.634  Dispatch  ReadCom       00000000  
0776.696  Dispatch  ReadCom       00000000  
0776.759  Dispatch  ReadCom       00000000  
0776.821  Dispatch  ReadCom       00000000  
0776.884  Dispatch  ReadCom       00000000  
0776.946  Dispatch  ReadCom       00000000  
0777.009  Dispatch  ReadCom       00000000  
0777.071  Dispatch  ReadCom       00000000  
0777.134  Dispatch  ReadCom       00000000  
0777.196  Dispatch  ReadCom       00000000  
0777.259  Dispatch  ReadCom       00000000  
0777.322  Dispatch  ReadCom       00000000  
0777.384  Dispatch  ReadCom       00000000  
0777.447  Dispatch  ReadCom       00000000  
0777.509  Dispatch  ReadCom       00000000  
0777.572  Dispatch  ReadCom       00000000  
0777.634  Dispatch  ReadCom       00000000  
0777.697  Dispatch  ReadCom       00000000  
0777.759  Dispatch  ReadCom       00000000  
0777.822  Dispatch  ReadCom       00000000  
0777.884  Dispatch  ReadCom       00000000  
0777.950  Dispatch  ReadCom       00000000  
0778.012  Dispatch  ReadCom       00000000  
0778.075  Dispatch  ReadCom       00000000  
0778.137  Dispatch  ReadCom       00000000  
0778.200  Dispatch  ReadCom       00000000  
0778.262  Dispatch  ReadCom       00000000  
0778.325  Dispatch  ReadCom       00000000  
0778.384  Dispatch  ReadCom       00000000  
0778.446  Dispatch  ReadCom       00000000  
0778.509  Dispatch  ReadCom       00000000  
0778.571  Dispatch  ReadCom       00000000  
0778.634  Dispatch  ReadCom       00000000  
0778.696  Dispatch  ReadCom       00000000  
0778.759  Dispatch  ReadCom       00000000  
0778.821  Dispatch  ReadCom       00000000  
0778.872  Dispatch  ReadCom       00000000  
0778.932  Dispatch  ReadCom       00000000  
0778.994  Dispatch  ReadCom       00000000  
0779.057  Dispatch  ReadCom       00000000  
0779.119  Dispatch  ReadCom       00000000  
0779.182  Dispatch  ReadCom       00000000  
0779.244  Dispatch  ReadCom       00000000  
0779.307  Dispatch  ReadCom       00000000  
0779.358  Dispatch  ReadCom       00000000  
0779.416  Dispatch  ReadCom       00000000  
0779.479  Dispatch  ReadCom       00000000  
0779.541  Dispatch  ReadCom       00000000  
0779.604  Dispatch  ReadCom       00000000  
0779.666  Dispatch  ReadCom       00000000  
0779.729  Dispatch  ReadCom       00000000  
0779.791  Dispatch  ReadCom       00000000  
0779.854  Dispatch  ReadCom       00000000  
0779.917  Dispatch  ReadCom       00000000  
0779.979  Dispatch  ReadCom       00000000  
0780.042  Dispatch  ReadCom       00000000  
0780.104  Dispatch  ReadCom       00000000  
0780.167  Dispatch  ReadCom       00000000  
0780.229  Dispatch  ReadCom       00000000  
0780.290  Dispatch  ReadCom       00000000  
0780.352  Dispatch  ReadCom       00000000  
0780.418  Dispatch  ReadCom       00000000  
0780.480  Dispatch  ReadCom       00000000  
0780.543  Dispatch  ReadCom       00000000  
0780.601  Dispatch  ReadCom       00000000  
0780.663  Dispatch  ReadCom       00000000  
0780.726  Dispatch  ReadCom       00000000  
0780.788  Dispatch  ReadCom       00000000  
0780.851  Dispatch  ReadCom       00000000  
0780.901  Dispatch  ReadCom       00000000  
0780.965  Dispatch  ReadCom       00000000  
0781.027  Dispatch  ReadCom       00000000  
0781.090  Dispatch  ReadCom       00000000  
0781.152  Dispatch  ReadCom       00000000  
0781.215  Dispatch  ReadCom       00000000  
0781.277  Dispatch  ReadCom       00000000  
0781.340  Dispatch  ReadCom       00000000  
0781.391  Dispatch  ReadCom       00000000  
0781.450  Dispatch  ReadCom       00000000  
0781.513  Dispatch  ReadCom       00000000  
0781.575  Dispatch  ReadCom       00000000  
0781.638  Dispatch  ReadCom       00000000  
0781.700  Dispatch  ReadCom       00000000  
0781.763  Dispatch  ReadCom       00000000  
0781.825  Dispatch  ReadCom       00000000  
0781.888  Dispatch  ReadCom       00000000  
0781.951  Dispatch  ReadCom       00000000  
0782.013  Dispatch  ReadCom       00000000  
0782.076  Dispatch  ReadCom       00000000  
0782.138  Dispatch  ReadCom       00000000  
0782.201  Dispatch  ReadCom       00000000  
0782.263  Dispatch  ReadCom       00000000  
0782.326  Dispatch  ReadCom       00000000  
0782.388  Dispatch  ReadCom       00000000  
0782.450  Dispatch  ReadCom       00000000  
0782.513  Dispatch  ReadCom       00000000  
0782.575  Dispatch  ReadCom       00000000  
0782.638  Dispatch  ReadCom       00000000  
0782.700  Dispatch  ReadCom       00000000  
0782.763  Dispatch  ReadCom       00000000  
0782.825  Dispatch  ReadCom       00000000  
0782.888  Dispatch  ReadCom       00000000  
0782.951  Dispatch  ReadCom       00000000  
0783.014  Dispatch  ReadCom       00000000  
0783.076  Dispatch  ReadCom       00000000  
0783.139  Dispatch  ReadCom       00000000  
0783.201  Dispatch  ReadCom       00000000  
0783.264  Dispatch  ReadCom       00000000  
0783.326  Dispatch  ReadCom       00000000  
0783.389  Dispatch  ReadCom       00000000  
0783.451  Dispatch  ReadCom       00000000  
0783.514  Dispatch  ReadCom       00000000  
0783.568  Dispatch  ReadCom       00000000  
0783.630  Dispatch  ReadCom       00000000  
0783.693  Dispatch  ReadCom       00000000  
0783.755  Dispatch  ReadCom       00000000  
0783.818  Dispatch  ReadCom       00000000  
0783.880  Dispatch  ReadCom       00000000  
0783.931  Dispatch  ReadCom       00000000  
0783.983  Dispatch  ReadCom       00000000  
0784.045  Dispatch  ReadCom       00000000  
0784.108  Dispatch  ReadCom       00000000  
0784.170  Dispatch  ReadCom       00000000  
0784.233  Dispatch  ReadCom       00000000  
0784.295  Dispatch  ReadCom       00000000  
0784.358  Dispatch  ReadCom       00000000  
0784.420  Dispatch  ReadCom       00000000  
0784.484  Dispatch  ReadCom       00000000  
0784.546  Dispatch  ReadCom       00000000  
0784.609  Dispatch  ReadCom       00000000  
0784.671  Dispatch  ReadCom       00000000  
0784.734  Dispatch  ReadCom       00000000  
0784.797  Dispatch  ReadCom       00000000  
0784.859  Dispatch  ReadCom       00000000  
0784.922  Dispatch  ReadCom       00000000  
0784.984  Dispatch  ReadCom       00000000  
0785.047  Dispatch  ReadCom       00000000  
0785.109  Dispatch  ReadCom       00000000  
0785.172  Dispatch  ReadCom       00000000  
0785.234  Dispatch  ReadCom       00000000  
0785.297  Dispatch  ReadCom       00000000  
0785.359  Dispatch  ReadCom       00000000  
0785.422  Dispatch  ReadCom       00000000  
0785.483  Dispatch  ReadCom       00000000  
0785.546  Dispatch  ReadCom       00000000  
0785.609  Dispatch  ReadCom       00000000  
0785.671  Dispatch  ReadCom       00000000  
0785.734  Dispatch  ReadCom       00000000  
0785.796  Dispatch  ReadCom       00000000  
0785.859  Dispatch  ReadCom       00000000  
0785.921  Dispatch  ReadCom       00000000  
0785.986  Dispatch  ReadCom       00000000  
0786.048  Dispatch  ReadCom       00000000  
0786.111  Dispatch  ReadCom       00000000  
0786.173  Dispatch  ReadCom       00000000  
0786.236  Dispatch  ReadCom       00000000  
0786.298  Dispatch  ReadCom       00000000  
0786.361  Dispatch  ReadCom       00000000  
0786.423  Dispatch  ReadCom       00000000  
0786.485  Dispatch  ReadCom       00000000  
0786.548  Dispatch  ReadCom       00000000  
0786.610  Dispatch  ReadCom       00000000  
0786.673  Dispatch  ReadCom       00000000  
0786.735  Dispatch  ReadCom       00000000  
0786.798  Dispatch  ReadCom       00000000  
0786.860  Dispatch  ReadCom       00000000  
0786.923  Dispatch  ReadCom       00000000  
0786.973  Dispatch  ReadCom       00000000  
0787.034  Dispatch  ReadCom       00000000  
0787.096  Dispatch  ReadCom       00000000  
0787.159  Dispatch  ReadCom       00000000  
0787.221  Dispatch  ReadCom       00000000  
0787.284  Dispatch  ReadCom       00000000  
0787.346  Dispatch  ReadCom       00000000  
0787.409  Dispatch  ReadCom       00000000  
0787.459  Dispatch  ReadCom       00000000  
0787.517  Dispatch  ReadCom       00000000  
0787.580  Dispatch  ReadCom       00000000  
0787.642  Dispatch  ReadCom       00000000  
0787.705  Dispatch  ReadCom       00000000  
0787.767  Dispatch  ReadCom       00000000  
0787.830  Dispatch  ReadCom       00000000  
0787.892  Dispatch  ReadCom       00000000  
0787.955  Dispatch  ReadCom       00000000  
0788.018  Dispatch  ReadCom       00000000  
0788.081  Dispatch  ReadCom       00000000  
0788.143  Dispatch  ReadCom       00000000  
0788.206  Dispatch  ReadCom       00000000  
0788.269  Dispatch  ReadCom       00000000  
0788.331  Dispatch  ReadCom       00000000  
0788.394  Dispatch  ReadCom       00000000  
0788.456  Dispatch  ReadCom       00000000  
0788.507  Dispatch  ReadCom       00000000  
0788.561  Dispatch  ReadCom       00000000  
0788.623  Dispatch  ReadCom       00000000  
0788.686  Dispatch  ReadCom       00000000  
0788.749  Dispatch  ReadCom       00000000  
0788.811  Dispatch  ReadCom       00000000  
0788.874  Dispatch  ReadCom       00000000  
0788.936  Dispatch  ReadCom       00000000  
0788.987  Dispatch  ReadCom       00000000  
0789.050  Dispatch  ReadCom       00000000  
0789.113  Dispatch  ReadCom       00000000  
0789.175  Dispatch  ReadCom       00000000  
0789.238  Dispatch  ReadCom       00000000  
0789.300  Dispatch  ReadCom       00000000  
0789.363  Dispatch  ReadCom       00000000  
0789.425  Dispatch  ReadCom       00000000  
0789.488  Dispatch  ReadCom       00000000  
0789.551  Dispatch  ReadCom       00000000  
0789.614  Dispatch  ReadCom       00000000  
0789.677  Dispatch  ReadCom       00000000  
0789.739  Dispatch  ReadCom       00000000  
0789.802  Dispatch  ReadCom       00000000  
0789.864  Dispatch  ReadCom       00000000  
0789.927  Dispatch  ReadCom       00000000  
0789.989  Dispatch  ReadCom       00000000  
0790.051  Dispatch  ReadCom       00000000  
0790.113  Dispatch  ReadCom       00000000  
0790.176  Dispatch  ReadCom       00000000  
0790.238  Dispatch  ReadCom       00000000  
0790.301  Dispatch  ReadCom       00000000  
0790.363  Dispatch  ReadCom       00000000  
0790.426  Dispatch  ReadCom       00000000  
0790.476  Dispatch  ReadCom       00000000  
0790.526  Dispatch  ReadCom       00000000  
0790.583  Dispatch  ReadCom       00000000  
0790.646  Dispatch  ReadCom       00000000  
0790.708  Dispatch  ReadCom       00000000  
0790.771  Dispatch  ReadCom       00000000  
0790.833  Dispatch  ReadCom       00000000  
0790.896  Dispatch  ReadCom       00000000  
0790.958  Dispatch  ReadCom       00000000  
0791.009  Dispatch  ReadCom       00000000  
0791.068  Dispatch  ReadCom       00000000  
0791.131  Dispatch  ReadCom       00000000  
0791.193  Dispatch  ReadCom       00000000  
0791.256  Dispatch  ReadCom       00000000  
0791.318  Dispatch  ReadCom       00000000  
0791.381  Dispatch  ReadCom       00000000  
0791.443  Dispatch  ReadCom       00000000  
0791.506  Dispatch  ReadCom       00000000  
0791.568  Dispatch  ReadCom       00000000  
0791.631  Dispatch  ReadCom       00000000  
0791.693  Dispatch  ReadCom       00000000  
0791.756  Dispatch  ReadCom       00000000  
0791.818  Dispatch  ReadCom       00000000  
0791.881  Dispatch  ReadCom       00000000  
0791.943  Dispatch  ReadCom       00000000  
0792.006  Dispatch  ReadCom       00000000  
0792.070  Dispatch  ReadCom       00000000  
0792.132  Dispatch  ReadCom       00000000  
0792.195  Dispatch  ReadCom       00000000  
0792.257  Dispatch  ReadCom       00000000  
0792.320  Dispatch  ReadCom       00000000  
0792.382  Dispatch  ReadCom       00000000  
0792.445  Dispatch  ReadCom       00000000  
0792.507  Dispatch  ReadCom       00000000  
0792.569  Dispatch  ReadCom       00000000  
0792.631  Dispatch  ReadCom       00000000  
0792.694  Dispatch  ReadCom       00000000  
0792.756  Dispatch  ReadCom       00000000  
0792.819  Dispatch  ReadCom       00000000  
0792.881  Dispatch  ReadCom       00000000  
0792.944  Dispatch  ReadCom       00000000  
0793.006  Dispatch  ReadCom       00000000  
0793.057  Dispatch  ReadCom       00000000  
0793.117  Dispatch  ReadCom       00000000  
0793.179  Dispatch  ReadCom       00000000  
0793.242  Dispatch  ReadCom       00000000  
0793.304  Dispatch  ReadCom       00000000  
0793.367  Dispatch  ReadCom       00000000  
0793.430  Dispatch  ReadCom       00000000  
0793.492  Dispatch  ReadCom       00000000  
0793.542  Dispatch  ReadCom       00000000  
0793.602  Dispatch  ReadCom       00000000  
0793.664  Dispatch  ReadCom       00000000  
0793.727  Dispatch  ReadCom       00000000  
0793.789  Dispatch  ReadCom       00000000  
0793.852  Dispatch  ReadCom       00000000  
0793.914  Dispatch  ReadCom       00000000  
0793.977  Dispatch  ReadCom       00000000  
0794.039  Dispatch  ReadCom       00000000  
0794.102  Dispatch  ReadCom       00000000  
0794.165  Dispatch  ReadCom       00000000  
0794.227  Dispatch  ReadCom       00000000  
0794.290  Dispatch  ReadCom       00000000  
0794.352  Dispatch  ReadCom       00000000  
0794.415  Dispatch  ReadCom       00000000  
0794.477  Dispatch  ReadCom       00000000  
0794.540  Dispatch  ReadCom       00000000  
0794.601  Dispatch  ReadCom       00000000  
0794.664  Dispatch  ReadCom       00000000  
0794.726  Dispatch  ReadCom       00000000  
0794.789  Dispatch  ReadCom       00000000  
0794.851  Dispatch  ReadCom       00000000  
0794.914  Dispatch  ReadCom       00000000  
0794.976  Dispatch  ReadCom       00000000  
0795.039  Dispatch  ReadCom       00000000  
0795.103  Dispatch  ReadCom       00000000  
0795.165  Dispatch  ReadCom       00000000  
0795.228  Dispatch  ReadCom       00000000  
0795.290  Dispatch  ReadCom       00000000  
0795.353  Dispatch  ReadCom       00000000  
0795.415  Dispatch  ReadCom       00000000  
0795.478  Dispatch  ReadCom       00000000  
0795.540  Dispatch  ReadCom       00000000  
0795.603  Dispatch  ReadCom       00000000  
0795.665  Dispatch  ReadCom       00000000  
0795.728  Dispatch  ReadCom       00000000  
0795.791  Dispatch  ReadCom       00000000  
0795.853  Dispatch  ReadCom       00000000  
0795.916  Dispatch  ReadCom       00000000  
0795.978  Dispatch  ReadCom       00000000  
0796.041  Dispatch  ReadCom       00000000  
0796.103  Dispatch  ReadCom       00000000  
0796.166  Dispatch  ReadCom       00000000  
0796.228  Dispatch  ReadCom       00000000  
0796.291  Dispatch  ReadCom       00000000  
0796.353  Dispatch  ReadCom       00000000  
0796.416  Dispatch  ReadCom       00000000  
0796.478  Dispatch  ReadCom       00000000  
0796.541  Dispatch  ReadCom       00000000  
0796.603  Dispatch  ReadCom       00000000  
0796.665  Dispatch  ReadCom       00000000  
0796.728  Dispatch  ReadCom       00000000  
0796.790  Dispatch  ReadCom       00000000  
0796.853  Dispatch  ReadCom       00000000  
0796.915  Dispatch  ReadCom       00000000  
0796.978  Dispatch  ReadCom       00000000  
0797.040  Dispatch  ReadCom       00000000  
0797.091  Dispatch  ReadCom       00000000  
0797.151  Dispatch  ReadCom       00000000  
0797.213  Dispatch  ReadCom       00000000  
0797.276  Dispatch  ReadCom       00000000  
0797.338  Dispatch  ReadCom       00000000  
0797.401  Dispatch  ReadCom       00000000  
0797.463  Dispatch  ReadCom       00000000  
0797.526  Dispatch  ReadCom       00000000  
0797.576  Dispatch  ReadCom       00000000  
0797.635  Dispatch  ReadCom       00000000  
0797.698  Dispatch  ReadCom       00000000  
0797.760  Dispatch  ReadCom       00000000  
0797.823  Dispatch  ReadCom       00000000  
0797.885  Dispatch  ReadCom       00000000  
0797.948  Dispatch  ReadCom       00000000  
0798.010  Dispatch  ReadCom       00000000  
0798.073  Dispatch  ReadCom       00000000  
0798.136  Dispatch  ReadCom       00000000  
0798.198  Dispatch  ReadCom       00000000  
0798.261  Dispatch  ReadCom       00000000  
0798.323  Dispatch  ReadCom       00000000  
0798.386  Dispatch  ReadCom       00000000  
0798.448  Dispatch  ReadCom       00000000  
0798.511  Dispatch  ReadCom       00000000  
0798.573  Dispatch  ReadCom       00000000  
0798.636  Dispatch  ReadCom       00000000  
0798.699  Dispatch  ReadCom       00000000  
0798.761  Dispatch  ReadCom       00000000  
0798.824  Dispatch  ReadCom       00000000  
0798.886  Dispatch  ReadCom       00000000  
0798.949  Dispatch  ReadCom       00000000  
0799.012  Dispatch  ReadCom       00000000  
0799.074  Dispatch  ReadCom       00000000  
0799.136  Dispatch  ReadCom       00000000  
0799.199  Dispatch  ReadCom       00000000  
0799.261  Dispatch  ReadCom       00000000  
0799.324  Dispatch  ReadCom       00000000  
0799.386  Dispatch  ReadCom       00000000  
0799.449  Dispatch  ReadCom       00000000  
0799.511  Dispatch  ReadCom       00000000  
0799.574  Dispatch  ReadCom       00000000  
0799.625  Dispatch  ReadCom       00000000  
0799.685  Dispatch  ReadCom       00000000  
0799.747  Dispatch  ReadCom       00000000  
0799.810  Dispatch  ReadCom       00000000  
0799.872  Dispatch  ReadCom       00000000  
