"Start of log file."
"C:/Users/VR_room/Desktop/LAB-ST~1/project/VRCONT~1/Assets/SIZE2J~1.MAX"
"Starting max loading and fbx conversion"
window = undefined
"Settings units"
"Before fbx export"
"After fbx export"
"Finished max loading and fbx conversion"
"C:/Users/VR_room/Desktop/LAB-ST~1/project/VRCONT~1/Assets/SIZE3E~2.MAX"
"Starting max loading and fbx conversion"
window = undefined
"Settings units"
"Before fbx export"
"After fbx export"
"Finished max loading and fbx conversion"
"C:/Users/VR_room/Desktop/LAB-ST~1/project/VRCONT~1/Assets/LOWERA~1.MAX"
"Starting max loading and fbx conversion"
window = undefined
"Settings units"
"Before fbx export"
"After fbx export"
"Finished max loading and fbx conversion"
"C:/Users/VR_room/Desktop/LAB-ST~1/project/VRCONT~1/Assets/SIZE2J~2.MAX"
"Starting max loading and fbx conversion"
window = undefined
"Settings units"
"Before fbx export"
"After fbx export"
"Finished max loading and fbx conversion"
"C:/Users/VR_room/Desktop/LAB-ST~1/project/VRCONT~1/Assets/UPPERA~1.MAX"
"Starting max loading and fbx conversion"
window = undefined
"Settings units"
"Before fbx export"
"After fbx export"
"Finished max loading and fbx conversion"
"C:/Users/VR_room/Desktop/LAB-ST~1/project/VRCONT~1/Assets/Base.max"
"Starting max loading and fbx conversion"
window = undefined
"Settings units"
"Before fbx export"
"After fbx export"
"Finished max loading and fbx conversion"
"C:/Users/VR_room/Desktop/LAB-ST~1/project/VRCONT~1/Assets/SIZE3E~1.MAX"
"Starting max loading and fbx conversion"
window = undefined
"Settings units"
"Before fbx export"
"After fbx export"
"Finished max loading and fbx conversion"
"C:/Users/VR_room/Desktop/LAB-ST~1/project/VRCONT~1/Assets/SIZE4J~2.MAX"
"Starting max loading and fbx conversion"
window = undefined
"Settings units"
"Before fbx export"
"After fbx export"
"Finished max loading and fbx conversion"
"C:/Users/VR_room/Desktop/LAB-ST~1/project/VRCONT~1/Assets/TOOLFL~1.MAX"
"Starting max loading and fbx conversion"
window = undefined
"Settings units"
"Before fbx export"
"After fbx export"
"Finished max loading and fbx conversion"
"C:/Users/VR_room/Desktop/LAB-ST~1/project/VRCONT~1/Assets/SIZE4J~1.MAX"
"Starting max loading and fbx conversion"
window = undefined
"Settings units"
"Before fbx export"
"After fbx export"
"Finished max loading and fbx conversion"
